<?xml version="1.0" encoding="UTF-8"?>
<!-- Generated by org.testng.reporters.JUnitReportReporter -->
<testsuite hostname="DESKTOP-SSTGA1B" failures="0" tests="1" name="Log4jBasics.Log4jBasics1" time="0.319" errors="0" timestamp="2023-07-08T11:34:04 IST" skipped="0">
  <testcase classname="Log4jBasics.Log4jBasics1" name="LoginTC1" time="0.319"/>
</testsuite> <!-- Log4jBasics.Log4jBasics1 -->
