<?xml version="1.0" encoding="UTF-8"?>
<!-- Generated by org.testng.reporters.JUnitReportReporter -->
<testsuite hostname="DESKTOP-SSTGA1B" failures="0" tests="1" name="com.birla.IOSTEST" time="0.003" errors="0" timestamp="2023-07-04T09:08:37 IST" skipped="0">
  <testcase classname="com.birla.IOSTEST" name="testC" time="0.003"/>
</testsuite> <!-- com.birla.IOSTEST -->
