<?xml version="1.0" encoding="UTF-8"?>
<!-- Generated by org.testng.reporters.JUnitReportReporter -->
<testsuite hostname="DESKTOP-SSTGA1B" failures="0" tests="1" name="com.birla.AndroidTest" time="0.024" errors="0" timestamp="2023-07-14T09:41:23 IST" skipped="0">
  <testcase classname="com.birla.AndroidTest" name="testB" time="0.024"/>
</testsuite> <!-- com.birla.AndroidTest -->
