<?xml version="1.0" encoding="UTF-8"?>
<!-- Generated by org.testng.reporters.JUnitReportReporter -->
<testsuite hostname="DESKTOP-SSTGA1B" failures="0" tests="1" name="OrangeHRMSDemoTests.HomePageNavigationsTc02" time="8.777" errors="0" timestamp="2023-07-15T09:02:12 IST" skipped="0">
  <testcase classname="OrangeHRMSDemoTests.HomePageNavigationsTc02" name="homePageNavigationsTc02" time="8.777"/>
</testsuite> <!-- OrangeHRMSDemoTests.HomePageNavigationsTc02 -->
