<?xml version="1.0" encoding="UTF-8"?>
<!-- Generated by org.testng.reporters.JUnitReportReporter -->
<testsuite hostname="DESKTOP-SSTGA1B" failures="0" tests="1" name="ExtentReportsBasics.ExtentReports1" time="0.877" errors="0" timestamp="2023-07-08T08:41:29 IST" skipped="0">
  <testcase classname="ExtentReportsBasics.ExtentReports1" name="testA" time="0.877"/>
</testsuite> <!-- ExtentReportsBasics.ExtentReports1 -->
