<?xml version="1.0" encoding="UTF-8"?>
<!-- Generated by org.testng.reporters.JUnitReportReporter -->
<testsuite hostname="DESKTOP-SSTGA1B" failures="0" tests="1" name="Log4jBasics.Log4jTC1" time="0.259" errors="0" timestamp="2023-07-08T11:39:45 IST" skipped="0">
  <testcase classname="Log4jBasics.Log4jTC1" name="LoginTC1" time="0.259"/>
</testsuite> <!-- Log4jBasics.Log4jTC1 -->
