<?xml version="1.0" encoding="UTF-8"?>
<!-- Generated by org.testng.reporters.JUnitReportReporter -->
<testsuite hostname="DESKTOP-SSTGA1B" failures="0" tests="1" name="ExtentReportsBasics.OptimisedExtentReport2" time="0.003" errors="0" timestamp="2023-07-08T10:56:47 IST" skipped="0">
  <testcase classname="ExtentReportsBasics.OptimisedExtentReport2" name="TC02CreateNewUser" time="0.003"/>
</testsuite> <!-- ExtentReportsBasics.OptimisedExtentReport2 -->
