<?xml version="1.0" encoding="UTF-8"?>
<!-- Generated by org.testng.reporters.JUnitReportReporter -->
<testsuite hostname="DESKTOP-SSTGA1B" failures="0" tests="1" name="ExtentReportsBasics.ExtentReportsNew3" time="0.019" errors="0" timestamp="2023-07-08T09:09:26 IST" skipped="0">
  <testcase classname="ExtentReportsBasics.ExtentReportsNew3" name="testC" time="0.019"/>
</testsuite> <!-- ExtentReportsBasics.ExtentReportsNew3 -->
