<?xml version="1.0" encoding="UTF-8"?>
<!-- Generated by org.testng.reporters.JUnitReportReporter -->
<testsuite hostname="DESKTOP-SSTGA1B" failures="0" tests="1" name="OrangeHRMSDemoTests.LoginTC01" time="8.855" errors="0" timestamp="2023-07-15T09:02:12 IST" skipped="0">
  <testcase classname="OrangeHRMSDemoTests.LoginTC01" name="loginTC01" time="8.855"/>
</testsuite> <!-- OrangeHRMSDemoTests.LoginTC01 -->
