<?xml version="1.0" encoding="UTF-8"?>
<!-- Generated by org.testng.reporters.JUnitReportReporter -->
<testsuite hostname="DESKTOP-SSTGA1B" failures="0" tests="1" name="ExtentReportsBasics.ExtentReportsNew2" time="0.067" errors="0" timestamp="2023-07-08T09:08:17 IST" skipped="0">
  <testcase classname="ExtentReportsBasics.ExtentReportsNew2" name="testB" time="0.067"/>
</testsuite> <!-- ExtentReportsBasics.ExtentReportsNew2 -->
