<?xml version="1.0" encoding="UTF-8"?>
<!-- Generated by org.testng.reporters.JUnitReportReporter -->
<testsuite hostname="DESKTOP-SSTGA1B" failures="0" tests="1" name="OrangeHRMSDemoTests.CreateMultipleUsersTc06" time="206.574" errors="0" timestamp="2023-07-20T13:28:15 IST" skipped="0">
  <testcase classname="OrangeHRMSDemoTests.CreateMultipleUsersTc06" name="createMultipleUsersTc06" time="206.574"/>
</testsuite> <!-- OrangeHRMSDemoTests.CreateMultipleUsersTc06 -->
