<?xml version="1.0" encoding="UTF-8"?>
<!-- Generated by org.testng.reporters.JUnitReportReporter -->
<testsuite hostname="DESKTOP-SSTGA1B" failures="0" tests="1" name="ExtentReportsBasics.OptimisedExtentReport1" time="0.030" errors="0" timestamp="2023-07-08T10:56:47 IST" skipped="0">
  <testcase classname="ExtentReportsBasics.OptimisedExtentReport1" name="TC01Login" time="0.030"/>
</testsuite> <!-- ExtentReportsBasics.OptimisedExtentReport1 -->
